2023-01-10 09:31:07.296 INFO  com.gec.wiki.config.WikiApplication               :55   [32m                  [0;39m Starting WikiApplication using Java 1.8.0_101 on LAPTOP-HMO661Q1 with PID 18524 (D:\code\wiki\target\classes started by momo in D:\code\wiki)
2023-01-10 09:31:07.300 INFO  com.gec.wiki.config.WikiApplication               :631  [32m                  [0;39m No active profile set, falling back to 1 default profile: "default"
2023-01-10 09:31:07.339 INFO  o.s.b.d.env.DevToolsPropertyDefaultsPostProcessor :255  [32m                  [0;39m Devtools property defaults active! Set 'spring.devtools.add-properties' to 'false' to disable
2023-01-10 09:31:07.339 INFO  o.s.b.d.env.DevToolsPropertyDefaultsPostProcessor :255  [32m                  [0;39m For additional web related logging consider setting the 'logging.level.web' property to 'DEBUG'
2023-01-10 09:31:08.099 INFO  o.s.boot.web.embedded.tomcat.TomcatWebServer      :108  [32m                  [0;39m Tomcat initialized with port(s): 8080 (http)
2023-01-10 09:31:08.105 INFO  org.apache.coyote.http11.Http11NioProtocol        :173  [32m                  [0;39m Initializing ProtocolHandler ["http-nio-8080"]
2023-01-10 09:31:08.105 INFO  org.apache.catalina.core.StandardService          :173  [32m                  [0;39m Starting service [Tomcat]
2023-01-10 09:31:08.106 INFO  org.apache.catalina.core.StandardEngine           :173  [32m                  [0;39m Starting Servlet engine: [Apache Tomcat/9.0.70]
2023-01-10 09:31:08.182 INFO  o.a.c.core.ContainerBase.[Tomcat].[localhost].[/] :173  [32m                  [0;39m Initializing Spring embedded WebApplicationContext
2023-01-10 09:31:08.182 INFO  o.s.b.w.s.c.ServletWebServerApplicationContext    :292  [32m                  [0;39m Root WebApplicationContext: initialization completed in 842 ms
2023-01-10 09:31:09.071 WARN  c.b.mybatisplus.core.metadata.TableInfoHelper     :454  [32m                  [0;39m This primary key of "id" is primitive !不建议如此请使用包装类 in Class: "com.gec.wiki.javabean.Ebook"
2023-01-10 09:31:09.450 INFO  o.s.b.d.autoconfigure.OptionalLiveReloadServer    :59   [32m                  [0;39m LiveReload server is running on port 35729
2023-01-10 09:31:09.464 INFO  org.apache.coyote.http11.Http11NioProtocol        :173  [32m                  [0;39m Starting ProtocolHandler ["http-nio-8080"]
2023-01-10 09:31:09.477 INFO  o.s.boot.web.embedded.tomcat.TomcatWebServer      :220  [32m                  [0;39m Tomcat started on port(s): 8080 (http) with context path ''
2023-01-10 09:31:09.485 INFO  com.gec.wiki.config.WikiApplication               :61   [32m                  [0;39m Started WikiApplication in 2.468 seconds (JVM running for 3.558)
2023-01-10 09:31:09.487 INFO  com.gec.wiki.config.WikiApplication               :23   [32m                  [0;39m 启动成功！！
2023-01-10 09:31:09.487 INFO  com.gec.wiki.config.WikiApplication               :24   [32m                  [0;39m 地址：	http://127.0.0.1:8080
2023-01-10 09:54:35.972 INFO  com.gec.wiki.config.WikiApplication               :55   [32m                  [0;39m Starting WikiApplication using Java 1.8.0_101 on LAPTOP-HMO661Q1 with PID 7620 (D:\code\wiki\target\classes started by momo in D:\code\wiki)
2023-01-10 09:54:35.975 INFO  com.gec.wiki.config.WikiApplication               :631  [32m                  [0;39m No active profile set, falling back to 1 default profile: "default"
2023-01-10 09:54:36.006 INFO  o.s.b.d.env.DevToolsPropertyDefaultsPostProcessor :255  [32m                  [0;39m Devtools property defaults active! Set 'spring.devtools.add-properties' to 'false' to disable
2023-01-10 09:54:36.006 INFO  o.s.b.d.env.DevToolsPropertyDefaultsPostProcessor :255  [32m                  [0;39m For additional web related logging consider setting the 'logging.level.web' property to 'DEBUG'
2023-01-10 09:54:36.691 INFO  o.s.boot.web.embedded.tomcat.TomcatWebServer      :108  [32m                  [0;39m Tomcat initialized with port(s): 8080 (http)
2023-01-10 09:54:36.697 INFO  org.apache.coyote.http11.Http11NioProtocol        :173  [32m                  [0;39m Initializing ProtocolHandler ["http-nio-8080"]
2023-01-10 09:54:36.697 INFO  org.apache.catalina.core.StandardService          :173  [32m                  [0;39m Starting service [Tomcat]
2023-01-10 09:54:36.697 INFO  org.apache.catalina.core.StandardEngine           :173  [32m                  [0;39m Starting Servlet engine: [Apache Tomcat/9.0.70]
2023-01-10 09:54:36.772 INFO  o.a.c.core.ContainerBase.[Tomcat].[localhost].[/] :173  [32m                  [0;39m Initializing Spring embedded WebApplicationContext
2023-01-10 09:54:36.772 INFO  o.s.b.w.s.c.ServletWebServerApplicationContext    :292  [32m                  [0;39m Root WebApplicationContext: initialization completed in 766 ms
2023-01-10 09:54:37.605 WARN  c.b.mybatisplus.core.metadata.TableInfoHelper     :454  [32m                  [0;39m This primary key of "id" is primitive !不建议如此请使用包装类 in Class: "com.gec.wiki.javabean.Ebook"
2023-01-10 09:54:37.943 INFO  o.s.b.d.autoconfigure.OptionalLiveReloadServer    :59   [32m                  [0;39m LiveReload server is running on port 35729
2023-01-10 09:54:37.956 INFO  org.apache.coyote.http11.Http11NioProtocol        :173  [32m                  [0;39m Starting ProtocolHandler ["http-nio-8080"]
2023-01-10 09:54:37.969 INFO  o.s.boot.web.embedded.tomcat.TomcatWebServer      :220  [32m                  [0;39m Tomcat started on port(s): 8080 (http) with context path ''
2023-01-10 09:54:37.976 INFO  com.gec.wiki.config.WikiApplication               :61   [32m                  [0;39m Started WikiApplication in 2.233 seconds (JVM running for 3.413)
2023-01-10 09:54:37.978 INFO  com.gec.wiki.config.WikiApplication               :23   [32m                  [0;39m 启动成功！！
2023-01-10 09:54:37.979 INFO  com.gec.wiki.config.WikiApplication               :24   [32m                  [0;39m 地址：	http://127.0.0.1:8080
2023-01-10 09:59:28.539 INFO  com.gec.wiki.config.WikiApplication               :55   [32m                  [0;39m Starting WikiApplication using Java 1.8.0_101 on LAPTOP-HMO661Q1 with PID 7804 (D:\code\wiki\target\classes started by momo in D:\code\wiki)
2023-01-10 09:59:28.541 INFO  com.gec.wiki.config.WikiApplication               :631  [32m                  [0;39m No active profile set, falling back to 1 default profile: "default"
2023-01-10 09:59:28.574 INFO  o.s.b.d.env.DevToolsPropertyDefaultsPostProcessor :255  [32m                  [0;39m Devtools property defaults active! Set 'spring.devtools.add-properties' to 'false' to disable
2023-01-10 09:59:28.574 INFO  o.s.b.d.env.DevToolsPropertyDefaultsPostProcessor :255  [32m                  [0;39m For additional web related logging consider setting the 'logging.level.web' property to 'DEBUG'
2023-01-10 09:59:29.260 INFO  o.s.boot.web.embedded.tomcat.TomcatWebServer      :108  [32m                  [0;39m Tomcat initialized with port(s): 8080 (http)
2023-01-10 09:59:29.266 INFO  org.apache.coyote.http11.Http11NioProtocol        :173  [32m                  [0;39m Initializing ProtocolHandler ["http-nio-8080"]
2023-01-10 09:59:29.267 INFO  org.apache.catalina.core.StandardService          :173  [32m                  [0;39m Starting service [Tomcat]
2023-01-10 09:59:29.267 INFO  org.apache.catalina.core.StandardEngine           :173  [32m                  [0;39m Starting Servlet engine: [Apache Tomcat/9.0.70]
2023-01-10 09:59:29.351 INFO  o.a.c.core.ContainerBase.[Tomcat].[localhost].[/] :173  [32m                  [0;39m Initializing Spring embedded WebApplicationContext
2023-01-10 09:59:29.351 INFO  o.s.b.w.s.c.ServletWebServerApplicationContext    :292  [32m                  [0;39m Root WebApplicationContext: initialization completed in 776 ms
2023-01-10 09:59:30.130 WARN  c.b.mybatisplus.core.metadata.TableInfoHelper     :454  [32m                  [0;39m This primary key of "id" is primitive !不建议如此请使用包装类 in Class: "com.gec.wiki.javabean.Ebook"
2023-01-10 09:59:30.446 INFO  o.s.b.d.autoconfigure.OptionalLiveReloadServer    :59   [32m                  [0;39m LiveReload server is running on port 35729
2023-01-10 09:59:30.459 INFO  org.apache.coyote.http11.Http11NioProtocol        :173  [32m                  [0;39m Starting ProtocolHandler ["http-nio-8080"]
2023-01-10 09:59:30.473 WARN  o.s.b.w.s.c.AnnotationConfigServletWebServerApplicationContext:591  [32m                  [0;39m Exception encountered during context initialization - cancelling refresh attempt: org.springframework.context.ApplicationContextException: Failed to start bean 'webServerStartStop'; nested exception is org.springframework.boot.web.server.PortInUseException: Port 8080 is already in use
2023-01-10 09:59:30.476 INFO  org.apache.coyote.http11.Http11NioProtocol        :173  [32m                  [0;39m Pausing ProtocolHandler ["http-nio-8080"]
2023-01-10 09:59:30.477 INFO  org.apache.catalina.core.StandardService          :173  [32m                  [0;39m Stopping service [Tomcat]
2023-01-10 09:59:30.482 WARN  org.apache.catalina.loader.WebappClassLoaderBase  :173  [32m                  [0;39m The web application [ROOT] appears to have started a thread named [Abandoned connection cleanup thread] but has failed to stop it. This is very likely to create a memory leak. Stack trace of thread:
 java.lang.Object.wait(Native Method)
 java.lang.ref.ReferenceQueue.remove(ReferenceQueue.java:143)
 com.mysql.jdbc.AbandonedConnectionCleanupThread.run(AbandonedConnectionCleanupThread.java:40)
2023-01-10 09:59:30.483 INFO  org.apache.coyote.http11.Http11NioProtocol        :173  [32m                  [0;39m Stopping ProtocolHandler ["http-nio-8080"]
2023-01-10 09:59:30.483 INFO  org.apache.coyote.http11.Http11NioProtocol        :173  [32m                  [0;39m Destroying ProtocolHandler ["http-nio-8080"]
2023-01-10 09:59:30.488 INFO  o.s.b.a.l.ConditionEvaluationReportLoggingListener:136  [32m                  [0;39m 

Error starting ApplicationContext. To display the conditions report re-run your application with 'debug' enabled.
2023-01-10 09:59:30.505 ERROR o.s.b.diagnostics.LoggingFailureAnalysisReporter  :40   [32m                  [0;39m 

***************************
APPLICATION FAILED TO START
***************************

Description:

Web server failed to start. Port 8080 was already in use.

Action:

Identify and stop the process that's listening on port 8080 or configure this application to listen on another port.

